<?xml version="1.0" encoding="UTF-8"?>
<!-- Generated by org.testng.reporters.JUnitReportReporter -->
<testsuite hostname="LP00135" failures="0" tests="1" name="dynamicJsoneConcept.DynamicJSONDemo" time="3.824" errors="0" timestamp="2021-01-30T13:45:57 IST" skipped="0">
  <testcase classname="dynamicJsoneConcept.DynamicJSONDemo" name="addBook" time="3.824"/>
  <system-out/>
</testsuite> <!-- dynamicJsoneConcept.DynamicJSONDemo -->
