<?xml version="1.0" encoding="UTF-8"?>
<!-- Generated by org.testng.reporters.JUnitReportReporter -->
<testsuite hostname="LP00135" failures="0" tests="2" name="dynamicJsoneConcept.DynamicJSONDemo2ParametizedPayload" time="4.804" errors="0" timestamp="2021-01-30T14:11:44 IST" skipped="0">
  <testcase classname="dynamicJsoneConcept.DynamicJSONDemo2ParametizedPayload" name="addBook" time="0.318"/>
  <system-out/>
  <testcase classname="dynamicJsoneConcept.DynamicJSONDemo2ParametizedPayload" name="addBook" time="4.486"/>
  <system-out/>
</testsuite> <!-- dynamicJsoneConcept.DynamicJSONDemo2ParametizedPayload -->
