<?xml version="1.0" encoding="UTF-8"?>
<!-- Generated by org.testng.reporters.JUnitReportReporter -->
<testsuite hostname="LP00135" failures="0" tests="1" name="dynamicJsoneConcept.StaticJsonPayloadFileDemo" time="3.825" errors="0" timestamp="2021-01-30T15:13:50 IST" skipped="0">
  <testcase classname="dynamicJsoneConcept.StaticJsonPayloadFileDemo" name="addBook" time="3.825"/>
  <system-out/>
</testsuite> <!-- dynamicJsoneConcept.StaticJsonPayloadFileDemo -->
